Removed Pin From Net: NetName=VSensBat Pin=U1-23
Removed Pin From Net: NetName=ISensBat Pin=U1-24
Removed Pin From Net: NetName=VSensPV Pin=U1-25
Removed Pin From Net: NetName=ISensPV Pin=U1-26
Added Component: Designator=R7(RES 0805/2012)
Add component. Clean all parameters for all variants
Add component (AddParameter): Name = "LatestRevisionDate"; Value = "17-Jul-2002"; VariantName = "[No Variations]"
Add component (AddParameter): Name = "LatestRevisionNote"; Value = "Re-released for DXP Platform."; VariantName = "[No Variations]"
Add component (AddParameter): Name = "PackageDescription"; Value = "Axial Device, Thru-Hole; 2 Leads; 0.4 in Pin Spacing"; VariantName = "[No Variations]"
Add component (AddParameter): Name = "PackageReference"; Value = "AXIAL-0.4"; VariantName = "[No Variations]"
Add component (AddParameter): Name = "Published"; Value = "8-Jun-2000"; VariantName = "[No Variations]"
Add component (AddParameter): Name = "Publisher"; Value = "Altium Limited"; VariantName = "[No Variations]"
Add component (AddParameter): Name = "Value"; Value = "330"; VariantName = "[No Variations]"
Added Pin To Net: NetName=NetQ1_3 Pin=R7-1
Added Pin To Net: NetName=Relay Pin=R7-2
Added Pin To Net: NetName=Batout Pin=SH2-1
Added Pin To Net: NetName=Batout Pin=SH2-1
Added Pin To Net: NetName=VSensPV Pin=U1-23
Added Pin To Net: NetName=ISensPV Pin=U1-24
Added Pin To Net: NetName=VSensBat Pin=U1-25
Added Pin To Net: NetName=ISensBat Pin=U1-26
Added Member To Class: ClassName=Schematic Member=Component R7 Res2
