Removed Pin From Net: NetName=NetK1_6 Pin=Q1-1
Removed Pin From Net: NetName=Relay Pin=Q1-2
Removed Pin From Net: NetName=GND Pin=Q1-3
Removed Pin From Net: NetName=NetK1_6 Pin=Q2-1
Removed Pin From Net: NetName=Relay Pin=Q2-2
Removed Pin From Net: NetName=GND Pin=Q2-3
Removed Member From Class: ClassName=Schematic Member=Q2
Added Component: Designator=Q?(SOT23_N)
Add component. Clean all parameters for all variants
Add component (AddParameter): Name = "LatestRevisionDate"; Value = "17-Jul-2002"; VariantName = "[No Variations]"
Add component (AddParameter): Name = "LatestRevisionNote"; Value = "Re-released for DXP Platform."; VariantName = "[No Variations]"
Add component (AddParameter): Name = "PackageDescription"; Value = "TO, Flat Index; 3 In-Line, Axial Leads; Body Dia. 4.6mm; Lead Dia. 0.5 mm (max)"; VariantName = "[No Variations]"
Add component (AddParameter): Name = "PackageReference"; Value = "E3"; VariantName = "[No Variations]"
Add component (AddParameter): Name = "PackageVersion"; Value = "1995/1996"; VariantName = "[No Variations]"
Add component (AddParameter): Name = "Published"; Value = "8-Jun-2000"; VariantName = "[No Variations]"
Add component (AddParameter): Name = "Publisher"; Value = "Altium Limited"; VariantName = "[No Variations]"
Added Pin To Net: NetName=Relay Pin=Q1-1
Added Pin To Net: NetName=GND Pin=Q1-2
Added Pin To Net: NetName=NetK1_6 Pin=Q1-3
Added Pin To Net: NetName=Relay Pin=Q?-1
Added Pin To Net: NetName=GND Pin=Q?-2
Added Pin To Net: NetName=NetK1_6 Pin=Q?-3
Added Member To Class: ClassName=Schematic Member=Component C2 Cap
Added Member To Class: ClassName=Schematic Member=Component K1 HE-S
Added Member To Class: ClassName=Schematic Member=Component L2 LED
Added Member To Class: ClassName=Schematic Member=Component P2 PWR
Added Member To Class: ClassName=Schematic Member=Component P3 Header 4
Added Member To Class: ClassName=Schematic Member=Component P4 Header 4
Added Member To Class: ClassName=Schematic Member=Component P5 Header 4
Added Member To Class: ClassName=Schematic Member=Component Q1 MOSFET-N
Added Member To Class: ClassName=Schematic Member=Component Q? MOSFET-N
Added Member To Class: ClassName=Schematic Member=Component R1 Res2
Added Member To Class: ClassName=Schematic Member=Component R2 Res2
Added Member To Class: ClassName=Schematic Member=Component R3 Res2
Added Member To Class: ClassName=Schematic Member=Component R8 Res2
Added Member To Class: ClassName=Schematic Member=Component S1 SW-DIP4
Added Member To Class: ClassName=Schematic Member=Component T1 Bat
Added Member To Class: ClassName=Schematic Member=Component T2 PV
Added Member To Class: ClassName=Schematic Member=Component T3 GND
Added Member To Class: ClassName=Schematic Member=Component T4 GND
Added Member To Class: ClassName=Schematic Member=Component U1 Atmega328P
Added Member To Class: ClassName=Schematic Member=Component U2 AD8418
Added Member To Class: ClassName=Schematic Member=Component U3 AD8418
Added Member To Class: ClassName=Schematic Member=Component VR1 ZR40401F41
