Removed Pin From Net: NetName=+3V3 Pin=C2-1
Removed Pin From Net: NetName=CAN_GND Pin=C2-2
Removed Pin From Net: NetName=+3V3 Pin=C3-1
Removed Pin From Net: NetName=CAN_GND Pin=C3-2
Removed Pin From Net: NetName=SDA0 Pin=R8-1
Removed Pin From Net: NetName=+3V3 Pin=R8-2
Removed Pin From Net: NetName=SCL0 Pin=R9-1
Removed Pin From Net: NetName=+3V3 Pin=R9-2
Removed Pin From Net: NetName=CAN_GND Pin=U3-1
Removed Pin From Net: NetName=+3V3 Pin=U3-2
Removed Pin From Net: NetName=SDA0 Pin=U3-3
Removed Pin From Net: NetName=SCL0 Pin=U3-4
Removed Pin From Net: NetName=+3V3 Pin=U3-5
Removed Pin From Net: NetName=+3V3 Pin=U3-6
Removed Pin From Net: NetName=CAN_GND Pin=U3-7
Removed Pin From Net: NetName=+3V3 Pin=U3-8
Removed Pin From Net: NetName=+3V3 Pin=U4-1
Removed Pin From Net: NetName=CAN_GND Pin=U4-2
Removed Pin From Net: NetName=CAN_GND Pin=U4-3
Removed Pin From Net: NetName=SCL0 Pin=U4-5
Removed Pin From Net: NetName=SDA0 Pin=U4-6
Removed Pin From Net: NetName=CAN_GND Pin=U4-7
Removed Member From Class: ClassName=Schematic_CAN2USB Member=C2
Removed Member From Class: ClassName=Schematic_CAN2USB Member=C3
Removed Member From Class: ClassName=Schematic_CAN2USB Member=R8
Removed Member From Class: ClassName=Schematic_CAN2USB Member=R9
Removed Member From Class: ClassName=Schematic_CAN2USB Member=U3
Removed Member From Class: ClassName=Schematic_CAN2USB Member=U4
Change Component Comment : Designator=P? Old Comment=Header 4 New Comment=MAX44009
Change Component Comment : Designator=P? Old Comment=Header 6 New Comment=BME280
Added Pin To Net: NetName=+3V3 Pin=P?-1
Added Pin To Net: NetName=+3V3 Pin=P?-1
Added Pin To Net: NetName=CAN_GND Pin=P?-2
Added Pin To Net: NetName=CAN_GND Pin=P?-2
Added Pin To Net: NetName=SDA0 Pin=P?-4
Added Pin To Net: NetName=SDA0 Pin=P?-4
Added Pin To Net: NetName=+3V3 Pin=P?-5
Added Pin To Net: NetName=+3V3 Pin=P?-6
Added Pin To Net: NetName=NetP?_3 Pin=P?-3
Added Pin To Net: NetName=NetP?_3 Pin=P?-3
Added Net: Name=NetP?_3
Added Member To Class: ClassName=Schematic_CAN2USB Member=Component P? BME280
