Removed Pin From Net: NetName=CAN_GND Pin=D1-2
Removed Pin From Net: NetName=CAN_GND Pin=D2-2
Removed Member From Class: ClassName=Schematic_CAN2USB Member=D1
Removed Member From Class: ClassName=Schematic_CAN2USB Member=D2
Change component parameters: Designator = "R1"; Footprint = "RES 0805/2012"; UniqueID = "\QSTCBPCK"
Change component parameters. Clean all parameters for all variants
Change component parameters (AddParameter): Name = "LatestRevisionDate"; Value = "17-Jul-2002"; VariantName = "[No Variations]"
Change component parameters (AddParameter): Name = "LatestRevisionNote"; Value = "Re-released for DXP Platform."; VariantName = "[No Variations]"
Change component parameters (AddParameter): Name = "PackageDescription"; Value = "Axial Device, Thru-Hole; 2 Leads; 0.4 in Pin Spacing"; VariantName = "[No Variations]"
Change component parameters (AddParameter): Name = "PackageReference"; Value = "AXIAL-0.4"; VariantName = "[No Variations]"
Change component parameters (AddParameter): Name = "Published"; Value = "8-Jun-2000"; VariantName = "[No Variations]"
Change component parameters (AddParameter): Name = "Publisher"; Value = "Altium Limited"; VariantName = "[No Variations]"
Change component parameters (AddParameter): Name = "Value"; Value = "10K"; VariantName = "[No Variations]"
Change component parameters: Designator = "R2"; Footprint = "RES 0805/2012"; UniqueID = "\OTDUAXTQ"
Change component parameters. Clean all parameters for all variants
Change component parameters (AddParameter): Name = "LatestRevisionDate"; Value = "17-Jul-2002"; VariantName = "[No Variations]"
Change component parameters (AddParameter): Name = "LatestRevisionNote"; Value = "Re-released for DXP Platform."; VariantName = "[No Variations]"
Change component parameters (AddParameter): Name = "PackageDescription"; Value = "Axial Device, Thru-Hole; 2 Leads; 0.4 in Pin Spacing"; VariantName = "[No Variations]"
Change component parameters (AddParameter): Name = "PackageReference"; Value = "AXIAL-0.4"; VariantName = "[No Variations]"
Change component parameters (AddParameter): Name = "Published"; Value = "8-Jun-2000"; VariantName = "[No Variations]"
Change component parameters (AddParameter): Name = "Publisher"; Value = "Altium Limited"; VariantName = "[No Variations]"
Change component parameters (AddParameter): Name = "Value"; Value = "10K"; VariantName = "[No Variations]"
Added Component: Designator=D?(LED 5050 2PAD)
Add component. Clean all parameters for all variants
Add component (AddParameter): Name = "Value"; Value = "Green"; VariantName = "[No Variations]"
Added Component: Designator=D?(LED 5050 2PAD)
Add component. Clean all parameters for all variants
Add component (AddParameter): Name = "Value"; Value = "Green"; VariantName = "[No Variations]"
Added Pin To Net: NetName=CAN_GND Pin=D?-2
Added Pin To Net: NetName=CAN_GND Pin=D?-2
Added Pin To Net: NetName=NetD?_1 Pin=D?-1
Added Pin To Net: NetName=NetD?_1 Pin=R4-1
Added Net: Name=NetD?_1
Added Member To Class: ClassName=Schematic_CAN2USB Member=Component D? Green
Added Member To Class: ClassName=Schematic_CAN2USB Member=Component D? Green
Added Member To Class: ClassName=Schematic_CAN2USB Member=Component P? BME280
