Added Component: Designator=P5(BME280_Breakout)
Add component. Clean all parameters for all variants
Add component (AddParameter): Name = "LatestRevisionDate"; Value = "17-Jul-2002"; VariantName = "[No Variations]"
Add component (AddParameter): Name = "LatestRevisionNote"; Value = "Re-released for DXP Platform."; VariantName = "[No Variations]"
Add component (AddParameter): Name = "Publisher"; Value = "Altium Limited"; VariantName = "[No Variations]"
Added Component: Designator=P6(MAX44009_Breakout)
Add component. Clean all parameters for all variants
Add component (AddParameter): Name = "LatestRevisionDate"; Value = "17-Jul-2002"; VariantName = "[No Variations]"
Add component (AddParameter): Name = "LatestRevisionNote"; Value = "Re-released for DXP Platform."; VariantName = "[No Variations]"
Add component (AddParameter): Name = "Publisher"; Value = "Altium Limited"; VariantName = "[No Variations]"
Added Pin To Net: NetName=+3V3 Pin=P5-1
Added Pin To Net: NetName=CAN_GND Pin=P5-2
Added Pin To Net: NetName=NetP5_3 Pin=P5-3
Added Pin To Net: NetName=SDA0 Pin=P5-4
Added Pin To Net: NetName=+3V3 Pin=P5-5
Added Pin To Net: NetName=+3V3 Pin=P5-6
Added Pin To Net: NetName=+3V3 Pin=P6-1
Added Pin To Net: NetName=CAN_GND Pin=P6-2
Added Pin To Net: NetName=NetP5_3 Pin=P6-3
Added Pin To Net: NetName=SDA0 Pin=P6-4
Added Member To Class: ClassName=Schematic_CAN2USB Member=Component P5 BME280
Added Member To Class: ClassName=Schematic_CAN2USB Member=Component P6 MAX44009
